C:\USERS\PC\DOCUMENTS\VISUAL STUDIO 2010\PROJECTS\DANA\DANA2\DEBUG\DANA2.EXE.EMBED.MANIFEST
C:\USERS\PC\DOCUMENTS\VISUAL STUDIO 2010\PROJECTS\DANA\DANA2\DEBUG\DANA2.EXE.EMBED.MANIFEST.RES
C:\USERS\PC\DOCUMENTS\VISUAL STUDIO 2010\PROJECTS\DANA\DANA2\DEBUG\DANA2.EXE.INTERMEDIATE.MANIFEST
C:\USERS\PC\DOCUMENTS\VISUAL STUDIO 2010\PROJECTS\DANA\DANA2\DEBUG\DANATEST.OBJ
C:\USERS\PC\DOCUMENTS\VISUAL STUDIO 2010\PROJECTS\DANA\DANA2\DEBUG\KOD.OBJ
C:\USERS\PC\DOCUMENTS\VISUAL STUDIO 2010\PROJECTS\DANA\DANA2\DEBUG\PROJE.EXE.EMBED.MANIFEST
C:\USERS\PC\DOCUMENTS\VISUAL STUDIO 2010\PROJECTS\DANA\DANA2\DEBUG\PROJE.EXE.EMBED.MANIFEST.RES
C:\USERS\PC\DOCUMENTS\VISUAL STUDIO 2010\PROJECTS\DANA\DANA2\DEBUG\PROJE.EXE.INTERMEDIATE.MANIFEST
C:\USERS\PC\DOCUMENTS\VISUAL STUDIO 2010\PROJECTS\DANA\DANA2\DEBUG\VC100.PDB
C:\USERS\PC\DOCUMENTS\VISUAL STUDIO 2010\PROJECTS\DANA\DEBUG\DANA2.EXE
C:\USERS\PC\DOCUMENTS\VISUAL STUDIO 2010\PROJECTS\DANA\DEBUG\DANA2.ILK
C:\USERS\PC\DOCUMENTS\VISUAL STUDIO 2010\PROJECTS\DANA\DEBUG\DANA2.PDB
C:\USERS\PC\DOCUMENTS\VISUAL STUDIO 2010\PROJECTS\DANA\DEBUG\PROJE.EXE
C:\USERS\PC\DOCUMENTS\VISUAL STUDIO 2010\PROJECTS\DANA\DEBUG\PROJE.ILK
C:\USERS\PC\DOCUMENTS\VISUAL STUDIO 2010\PROJECTS\DANA\DEBUG\PROJE.PDB
C:\Users\PC\Documents\Visual Studio 2010\Projects\dana\dana2\Debug\cl.command.1.tlog
C:\Users\PC\Documents\Visual Studio 2010\Projects\dana\dana2\Debug\CL.read.1.tlog
C:\Users\PC\Documents\Visual Studio 2010\Projects\dana\dana2\Debug\CL.write.1.tlog
C:\Users\PC\Documents\Visual Studio 2010\Projects\dana\dana2\Debug\dana2.exe.embed.manifest
C:\Users\PC\Documents\Visual Studio 2010\Projects\dana\dana2\Debug\dana2.exe.embed.manifest.res
C:\Users\PC\Documents\Visual Studio 2010\Projects\dana\dana2\Debug\dana2.exe.intermediate.manifest
C:\Users\PC\Documents\Visual Studio 2010\Projects\dana\dana2\Debug\dana2_manifest.rc
C:\Users\PC\Documents\Visual Studio 2010\Projects\dana\dana2\Debug\danatest.obj
C:\Users\PC\Documents\Visual Studio 2010\Projects\dana\dana2\Debug\kod.obj
C:\Users\PC\Documents\Visual Studio 2010\Projects\dana\dana2\Debug\link.3524.read.1.tlog
C:\Users\PC\Documents\Visual Studio 2010\Projects\dana\dana2\Debug\link.3524.write.1.tlog
C:\Users\PC\Documents\Visual Studio 2010\Projects\dana\dana2\Debug\link.3524-cvtres.read.1.tlog
C:\Users\PC\Documents\Visual Studio 2010\Projects\dana\dana2\Debug\link.3524-cvtres.write.1.tlog
C:\Users\PC\Documents\Visual Studio 2010\Projects\dana\dana2\Debug\link.5328.read.1.tlog
C:\Users\PC\Documents\Visual Studio 2010\Projects\dana\dana2\Debug\link.5328.write.1.tlog
C:\Users\PC\Documents\Visual Studio 2010\Projects\dana\dana2\Debug\link.5328-cvtres.read.1.tlog
C:\Users\PC\Documents\Visual Studio 2010\Projects\dana\dana2\Debug\link.5328-cvtres.write.1.tlog
C:\Users\PC\Documents\Visual Studio 2010\Projects\dana\dana2\Debug\link.command.1.tlog
C:\Users\PC\Documents\Visual Studio 2010\Projects\dana\dana2\Debug\link.read.1.tlog
C:\Users\PC\Documents\Visual Studio 2010\Projects\dana\dana2\Debug\link.write.1.tlog
C:\Users\PC\Documents\Visual Studio 2010\Projects\dana\dana2\Debug\link-cvtres.read.1.tlog
C:\Users\PC\Documents\Visual Studio 2010\Projects\dana\dana2\Debug\link-cvtres.write.1.tlog
C:\Users\PC\Documents\Visual Studio 2010\Projects\dana\dana2\Debug\mt.command.1.tlog
C:\Users\PC\Documents\Visual Studio 2010\Projects\dana\dana2\Debug\mt.read.1.tlog
C:\Users\PC\Documents\Visual Studio 2010\Projects\dana\dana2\Debug\mt.write.1.tlog
C:\Users\PC\Documents\Visual Studio 2010\Projects\dana\dana2\Debug\proje.exe.embed.manifest
C:\Users\PC\Documents\Visual Studio 2010\Projects\dana\dana2\Debug\proje.exe.embed.manifest.res
C:\Users\PC\Documents\Visual Studio 2010\Projects\dana\dana2\Debug\proje.exe.intermediate.manifest
C:\Users\PC\Documents\Visual Studio 2010\Projects\dana\dana2\Debug\proje_manifest.rc
C:\Users\PC\Documents\Visual Studio 2010\Projects\dana\dana2\Debug\rc.command.1.tlog
C:\Users\PC\Documents\Visual Studio 2010\Projects\dana\dana2\Debug\rc.read.1.tlog
C:\Users\PC\Documents\Visual Studio 2010\Projects\dana\dana2\Debug\rc.write.1.tlog
C:\Users\PC\Documents\Visual Studio 2010\Projects\dana\dana2\Debug\vc100.idb
C:\Users\PC\Documents\Visual Studio 2010\Projects\dana\dana2\Debug\vc100.pdb
C:\Users\PC\Documents\Visual Studio 2010\Projects\dana\Debug\proje.exe
C:\Users\PC\Documents\Visual Studio 2010\Projects\dana\Debug\proje.ilk
C:\Users\PC\Documents\Visual Studio 2010\Projects\dana\Debug\proje.pdb
